<!DOCTYPE html>

<html>
  <head>
  <meta charset='utf-8'>
  <title>TestNG reports</title>

    <link type="text/css" href="testng-reports1.css" rel="stylesheet" id="ultra" />
    <link type="text/css" href="testng-reports.css" rel="stylesheet" id="retro" disabled="false"/>
    <script type="text/javascript" src="jquery-3.6.0.min.js"></script>
    <script type="text/javascript" src="testng-reports.js"></script>
    <script type="text/javascript" src="https://www.google.com/jsapi"></script>
    <script type='text/javascript'>
      google.load('visualization', '1', {packages:['table']});
      google.setOnLoadCallback(drawTable);
      var suiteTableInitFunctions = new Array();
      var suiteTableData = new Array();
    </script>
    <!--
      <script type="text/javascript" src="jquery-ui/js/jquery-ui-1.8.16.custom.min.js"></script>
     -->
  </head>

  <body>    <div class="top-banner-root">
      <span class="top-banner-title-font">Test results</span>
      <button id="button" class="button">Switch Retro Theme</button> <!-- button -->
      <br/>
      <span class="top-banner-font-1">1 suite, 3 failed tests</span>
    </div> <!-- top-banner-root -->
    <div class="navigator-root">
      <div class="navigator-suite-header">
        <span>All suites</span>
        <a href="#" title="Collapse/expand all the suites" class="collapse-all-link">
          <img src="collapseall.gif" class="collapse-all-icon">
          </img> <!-- collapse-all-icon -->
        </a> <!-- collapse-all-link -->
      </div> <!-- navigator-suite-header -->
      <div class="suite">
        <div class="rounded-window">
          <div class="suite-header light-rounded-window-top">
            <a href="#" panel-name="suite-All_Test_Suite" class="navigator-link">
              <span class="suite-name border-failed">All Test Suite</span>
            </a> <!-- navigator-link -->
          </div> <!-- suite-header light-rounded-window-top -->
          <div class="navigator-suite-content">
            <div class="suite-section-title">
              <span>Info</span>
            </div> <!-- suite-section-title -->
            <div class="suite-section-content">
              <ul>
                <li>
                  <a href="#" panel-name="test-xml-All_Test_Suite" class="navigator-link ">
                    <span>C:\Users\ahmed\IdeaProjects\Eirad\testng.xml</span>
                  </a> <!-- navigator-link  -->
                </li>
                <li>
                  <a href="#" panel-name="testlist-All_Test_Suite" class="navigator-link ">
                    <span class="test-stats">1 test</span>
                  </a> <!-- navigator-link  -->
                </li>
                <li>
                  <a href="#" panel-name="group-All_Test_Suite" class="navigator-link ">
                    <span>0 groups</span>
                  </a> <!-- navigator-link  -->
                </li>
                <li>
                  <a href="#" panel-name="times-All_Test_Suite" class="navigator-link ">
                    <span>Times</span>
                  </a> <!-- navigator-link  -->
                </li>
                <li>
                  <a href="#" panel-name="reporter-All_Test_Suite" class="navigator-link ">
                    <span>Reporter output</span>
                  </a> <!-- navigator-link  -->
                </li>
                <li>
                  <a href="#" panel-name="ignored-methods-All_Test_Suite" class="navigator-link ">
                    <span>Ignored methods</span>
                  </a> <!-- navigator-link  -->
                </li>
                <li>
                  <a href="#" panel-name="chronological-All_Test_Suite" class="navigator-link ">
                    <span>Chronological view</span>
                  </a> <!-- navigator-link  -->
                </li>
              </ul>
            </div> <!-- suite-section-content -->
            <div class="result-section">
              <div class="suite-section-title">
                <span>Results</span>
              </div> <!-- suite-section-title -->
              <div class="suite-section-content">
                <ul>
                  <li>
                    <span class="method-stats">12 methods, 3 failed,   9 passed</span>
                  </li>
                  <li>
                    <span class="method-list-title failed">Failed methods</span>
                    <span class="show-or-hide-methods failed">
                      <a href="#" panel-name="suite-All_Test_Suite" class="hide-methods failed suite-All_Test_Suite"> (hide)</a> <!-- hide-methods failed suite-All_Test_Suite -->
                      <a href="#" panel-name="suite-All_Test_Suite" class="show-methods failed suite-All_Test_Suite"> (show)</a> <!-- show-methods failed suite-All_Test_Suite -->
                    </span>
                    <div class="method-list-content failed suite-All_Test_Suite">
                      <span>
                        <img src="failed.png" width="3%"/>
                        <a href="#" panel-name="suite-All_Test_Suite" title="testCases.AddingCreatedItemToPriceListAndMakeSalesInvoiceTest" class="method navigator-link" hash-for-method="addCreatedItemToPriceListAndMakeSalesInvoice(Administrator, 123456789, price5432d)">addCreatedItemToPriceListAndMakeSalesInvoice(Administrator, 123456789, price5432d)</a> <!-- method navigator-link -->
                      </span>
                      <br/>
                      <span>
                        <img src="failed.png" width="3%"/>
                        <a href="#" panel-name="suite-All_Test_Suite" title="testCases.AddingItemAndMakeSalesInvoiceTest" class="method navigator-link" hash-for-method="addingItemAndMakeSalesInvoice(Administrator, 123456789, sales1342312)">addingItemAndMakeSalesInvoice(Administrator, 123456789, sales1342312)</a> <!-- method navigator-link -->
                      </span>
                      <br/>
                      <span>
                        <img src="failed.png" width="3%"/>
                        <a href="#" panel-name="suite-All_Test_Suite" title="testCases.MakeReturnNoteTest" class="method navigator-link" hash-for-method="createReturnNote(Administrator, 123456789, return1123123)">createReturnNote(Administrator, 123456789, return1123123)</a> <!-- method navigator-link -->
                      </span>
                      <br/>
                    </div> <!-- method-list-content failed suite-All_Test_Suite -->
                  </li>
                  <li>
                    <span class="method-list-title passed">Passed methods</span>
                    <span class="show-or-hide-methods passed">
                      <a href="#" panel-name="suite-All_Test_Suite" class="hide-methods passed suite-All_Test_Suite"> (hide)</a> <!-- hide-methods passed suite-All_Test_Suite -->
                      <a href="#" panel-name="suite-All_Test_Suite" class="show-methods passed suite-All_Test_Suite"> (show)</a> <!-- show-methods passed suite-All_Test_Suite -->
                    </span>
                    <div class="method-list-content passed suite-All_Test_Suite">
                      <span>
                        <img src="passed.png" width="3%"/>
                        <a href="#" panel-name="suite-All_Test_Suite" title="testCases.AddNewItemTest" class="method navigator-link" hash-for-method="addNewItem(Administrator, 123456789, new11133243s)">addNewItem(Administrator, 123456789, new11133243s)</a> <!-- method navigator-link -->
                      </span>
                      <br/>
                      <span>
                        <img src="passed.png" width="3%"/>
                        <a href="#" panel-name="suite-All_Test_Suite" title="testCases.LoginTest" class="method navigator-link" hash-for-method="clickONLoginButtonWithoutdata">clickONLoginButtonWithoutdata</a> <!-- method navigator-link -->
                      </span>
                      <br/>
                      <span>
                        <img src="passed.png" width="3%"/>
                        <a href="#" panel-name="suite-All_Test_Suite" title="testCases.LoginTest" class="method navigator-link" hash-for-method="loginWithInValidID(cvcvcv, A@d3y2Mt6u6Nk)">loginWithInValidID(cvcvcv, A@d3y2Mt6u6Nk)</a> <!-- method navigator-link -->
                      </span>
                      <br/>
                      <span>
                        <img src="passed.png" width="3%"/>
                        <a href="#" panel-name="suite-All_Test_Suite" title="testCases.LoginTest" class="method navigator-link" hash-for-method="loginWithInValidID(abcde, A@d3y2Mt6u6Nk)">loginWithInValidID(abcde, A@d3y2Mt6u6Nk)</a> <!-- method navigator-link -->
                      </span>
                      <br/>
                      <span>
                        <img src="passed.png" width="3%"/>
                        <a href="#" panel-name="suite-All_Test_Suite" title="testCases.LoginTest" class="method navigator-link" hash-for-method="loginWithInValidPassword(Administrator, abcd)">loginWithInValidPassword(Administrator, abcd)</a> <!-- method navigator-link -->
                      </span>
                      <br/>
                      <span>
                        <img src="passed.png" width="3%"/>
                        <a href="#" panel-name="suite-All_Test_Suite" title="testCases.LoginTest" class="method navigator-link" hash-for-method="loginWithInValidPassword(Administrator, hjgdhjsgd)">loginWithInValidPassword(Administrator, hjgdhjsgd)</a> <!-- method navigator-link -->
                      </span>
                      <br/>
                      <span>
                        <img src="passed.png" width="3%"/>
                        <a href="#" panel-name="suite-All_Test_Suite" title="testCases.LoginTest" class="method navigator-link" hash-for-method="loginWithInValidPassword(Administrator,     )">loginWithInValidPassword(Administrator,     )</a> <!-- method navigator-link -->
                      </span>
                      <br/>
                      <span>
                        <img src="passed.png" width="3%"/>
                        <a href="#" panel-name="suite-All_Test_Suite" title="testCases.LoginTest" class="method navigator-link" hash-for-method="loginWithValidData(Administrator, 123456789)">loginWithValidData(Administrator, 123456789)</a> <!-- method navigator-link -->
                      </span>
                      <br/>
                      <span>
                        <img src="passed.png" width="3%"/>
                        <a href="#" panel-name="suite-All_Test_Suite" title="testCases.LoginTest" class="method navigator-link" hash-for-method="loginWithemptyID(   , A@d3y2Mt6u6Nk)">loginWithemptyID(   , A@d3y2Mt6u6Nk)</a> <!-- method navigator-link -->
                      </span>
                      <br/>
                    </div> <!-- method-list-content passed suite-All_Test_Suite -->
                  </li>
                </ul>
              </div> <!-- suite-section-content -->
            </div> <!-- result-section -->
          </div> <!-- navigator-suite-content -->
        </div> <!-- rounded-window -->
      </div> <!-- suite -->
    </div> <!-- navigator-root -->
    <div class="wrapper">
      <div class="main-panel-root">
        <div panel-name="suite-All_Test_Suite" class="panel All_Test_Suite">
          <div class="suite-All_Test_Suite-class-failed">
            <div class="main-panel-header rounded-window-top">
              <img src="failed.png"/>
              <span class="class-name">testCases.AddingItemAndMakeSalesInvoiceTest</span>
            </div> <!-- main-panel-header rounded-window-top -->
            <div class="main-panel-content rounded-window-bottom">
              <div class="method">
                <div class="method-content">
                  <a name="addingItemAndMakeSalesInvoice(Administrator, 123456789, sales1342312)">
                  </a> <!-- addingItemAndMakeSalesInvoice(Administrator, 123456789, sales1342312) -->
                  <span class="method-name">addingItemAndMakeSalesInvoice</span>
                  <span class="parameters">(Administrator,123456789,sales1342312)</span>
                  <div class="stack-trace">org.openqa.selenium.TimeoutException: Expected condition failed: waiting for text (&apos;sales1342312&apos;) to be present in element [[ChromeDriver: chrome on WINDOWS (df8226d6e6b48ec3416a37faba87c6f0)] -&gt; xpath: (//h5[contains(@class,&apos;title-text pull-left&apos;)])[2]] (tried for 10 second(s) with 500 milliseconds interval)
Build info: version: &apos;4.8.2&apos;, revision: &apos;826dbfc730&apos;
System info: os.name: &apos;Windows 10&apos;, os.arch: &apos;amd64&apos;, os.version: &apos;10.0&apos;, java.version: &apos;11.0.13&apos;
Driver info: org.openqa.selenium.chrome.ChromeDriver
Capabilities {acceptInsecureCerts: false, browserName: chrome, browserVersion: 112.0.5615.50, chrome: {chromedriverVersion: 112.0.5615.49 (bd2a7bcb881c..., userDataDir: C:\Users\ahmed\AppData\Loca...}, goog:chromeOptions: {debuggerAddress: localhost:61325}, networkConnectionEnabled: false, pageLoadStrategy: normal, platformName: WINDOWS, proxy: Proxy(), se:cdp: ws://localhost:61325/devtoo..., se:cdpVersion: 112.0.5615.50, setWindowRect: true, strictFileInteractability: false, timeouts: {implicit: 0, pageLoad: 300000, script: 30000}, unhandledPromptBehavior: dismiss and notify, webauthn:extension:credBlob: true, webauthn:extension:largeBlob: true, webauthn:extension:minPinLength: true, webauthn:extension:prf: true, webauthn:virtualAuthenticators: true}
Session ID: df8226d6e6b48ec3416a37faba87c6f0
	at org.openqa.selenium.support.ui.WebDriverWait.timeoutException(WebDriverWait.java:87)
	at org.openqa.selenium.support.ui.FluentWait.until(FluentWait.java:231)
	at Pages.ItemPage.createAndSaveNewItem(ItemPage.java:74)
	at testCases.AddingItemAndMakeSalesInvoiceTest.addingItemAndMakeSalesInvoice(AddingItemAndMakeSalesInvoiceTest.java:33)
	at java.base/jdk.internal.reflect.NativeMethodAccessorImpl.invoke0(Native Method)
	at java.base/jdk.internal.reflect.NativeMethodAccessorImpl.invoke(NativeMethodAccessorImpl.java:62)
	at java.base/jdk.internal.reflect.DelegatingMethodAccessorImpl.invoke(DelegatingMethodAccessorImpl.java:43)
	at java.base/java.lang.reflect.Method.invoke(Method.java:566)
	at org.testng.internal.invokers.MethodInvocationHelper.invokeMethod(MethodInvocationHelper.java:139)
	at org.testng.internal.invokers.TestInvoker.invokeMethod(TestInvoker.java:677)
	at org.testng.internal.invokers.TestInvoker.invokeTestMethod(TestInvoker.java:221)
	at org.testng.internal.invokers.MethodRunner.runInSequence(MethodRunner.java:50)
	at org.testng.internal.invokers.TestInvoker$MethodInvocationAgent.invoke(TestInvoker.java:969)
	at org.testng.internal.invokers.TestInvoker.invokeTestMethods(TestInvoker.java:194)
	at org.testng.internal.invokers.TestMethodWorker.invokeTestMethods(TestMethodWorker.java:148)
	at org.testng.internal.invokers.TestMethodWorker.run(TestMethodWorker.java:128)
	at java.base/java.util.ArrayList.forEach(ArrayList.java:1541)
	at org.testng.TestRunner.privateRun(TestRunner.java:829)
	at org.testng.TestRunner.run(TestRunner.java:602)
	at org.testng.SuiteRunner.runTest(SuiteRunner.java:437)
	at org.testng.SuiteRunner.runSequentially(SuiteRunner.java:431)
	at org.testng.SuiteRunner.privateRun(SuiteRunner.java:391)
	at org.testng.SuiteRunner.run(SuiteRunner.java:330)
	at org.testng.SuiteRunnerWorker.runSuite(SuiteRunnerWorker.java:52)
	at org.testng.SuiteRunnerWorker.run(SuiteRunnerWorker.java:95)
	at org.testng.TestNG.runSuitesSequentially(TestNG.java:1256)
	at org.testng.TestNG.runSuitesLocally(TestNG.java:1176)
	at org.testng.TestNG.runSuites(TestNG.java:1099)
	at org.testng.TestNG.run(TestNG.java:1067)
	at com.intellij.rt.testng.IDEARemoteTestNG.run(IDEARemoteTestNG.java:66)
	at com.intellij.rt.testng.RemoteTestNGStarter.main(RemoteTestNGStarter.java:109)

</div> <!-- stack-trace -->
                </div> <!-- method-content -->
              </div> <!-- method -->
            </div> <!-- main-panel-content rounded-window-bottom -->
          </div> <!-- suite-All_Test_Suite-class-failed -->
          <div class="suite-All_Test_Suite-class-failed">
            <div class="main-panel-header rounded-window-top">
              <img src="failed.png"/>
              <span class="class-name">testCases.MakeReturnNoteTest</span>
            </div> <!-- main-panel-header rounded-window-top -->
            <div class="main-panel-content rounded-window-bottom">
              <div class="method">
                <div class="method-content">
                  <a name="createReturnNote(Administrator, 123456789, return1123123)">
                  </a> <!-- createReturnNote(Administrator, 123456789, return1123123) -->
                  <span class="method-name">createReturnNote</span>
                  <span class="parameters">(Administrator,123456789,return1123123)</span>
                  <div class="stack-trace">org.openqa.selenium.TimeoutException: Expected condition failed: waiting for text (&apos;return1123123&apos;) to be present in element [[ChromeDriver: chrome on WINDOWS (a40cf38e2c68135e720323449c887b21)] -&gt; xpath: (//h5[contains(@class,&apos;title-text pull-left&apos;)])[2]] (tried for 10 second(s) with 500 milliseconds interval)
	at org.openqa.selenium.support.ui.WebDriverWait.timeoutException(WebDriverWait.java:87)
	at org.openqa.selenium.support.ui.FluentWait.until(FluentWait.java:231)
	at Pages.ItemPage.createAndSaveNewItem(ItemPage.java:74)
	at testCases.MakeReturnNoteTest.createReturnNote(MakeReturnNoteTest.java:42)
	at java.base/jdk.internal.reflect.NativeMethodAccessorImpl.invoke0(Native Method)
	at java.base/jdk.internal.reflect.NativeMethodAccessorImpl.invoke(NativeMethodAccessorImpl.java:62)
	at java.base/jdk.internal.reflect.DelegatingMethodAccessorImpl.invoke(DelegatingMethodAccessorImpl.java:43)
	at java.base/java.lang.reflect.Method.invoke(Method.java:566)
	at org.testng.internal.invokers.MethodInvocationHelper.invokeMethod(MethodInvocationHelper.java:139)
	at org.testng.internal.invokers.TestInvoker.invokeMethod(TestInvoker.java:677)
	at org.testng.internal.invokers.TestInvoker.invokeTestMethod(TestInvoker.java:221)
	at org.testng.internal.invokers.MethodRunner.runInSequence(MethodRunner.java:50)
	at org.testng.internal.invokers.TestInvoker$MethodInvocationAgent.invoke(TestInvoker.java:969)
	at org.testng.internal.invokers.TestInvoker.invokeTestMethods(TestInvoker.java:194)
	at org.testng.internal.invokers.TestMethodWorker.invokeTestMethods(TestMethodWorker.java:148)
	at org.testng.internal.invokers.TestMethodWorker.run(TestMethodWorker.java:128)
	at java.base/java.util.ArrayList.forEach(ArrayList.java:1541)
	at org.testng.TestRunner.privateRun(TestRunner.java:829)
	at org.testng.TestRunner.run(TestRunner.java:602)
	at org.testng.SuiteRunner.runTest(SuiteRunner.java:437)
	at org.testng.SuiteRunner.runSequentially(SuiteRunner.java:431)
	at org.testng.SuiteRunner.privateRun(SuiteRunner.java:391)
	at org.testng.SuiteRunner.run(SuiteRunner.java:330)
	at org.testng.SuiteRunnerWorker.runSuite(SuiteRunnerWorker.java:52)
	at org.testng.SuiteRunnerWorker.run(SuiteRunnerWorker.java:95)
	at org.testng.TestNG.runSuitesSequentially(TestNG.java:1256)
	at org.testng.TestNG.runSuitesLocally(TestNG.java:1176)
	at org.testng.TestNG.runSuites(TestNG.java:1099)
	at org.testng.TestNG.run(TestNG.java:1067)
	at com.intellij.rt.testng.IDEARemoteTestNG.run(IDEARemoteTestNG.java:66)
	at com.intellij.rt.testng.RemoteTestNGStarter.main(RemoteTestNGStarter.java:109)
Caused by: org.openqa.selenium.NoSuchWindowException: no such window: target window already closed
from unknown error: web view not found
  (Session info: chrome=112.0.5615.50)
Build info: version: &apos;4.8.2&apos;, revision: &apos;826dbfc730&apos;
System info: os.name: &apos;Windows 10&apos;, os.arch: &apos;amd64&apos;, os.version: &apos;10.0&apos;, java.version: &apos;11.0.13&apos;
Driver info: org.openqa.selenium.chrome.ChromeDriver
Command: [a40cf38e2c68135e720323449c887b21, getElementText {id=e9c3a39e-4611-4b12-85e4-f28b0d518ac8}]
Capabilities {acceptInsecureCerts: false, browserName: chrome, browserVersion: 112.0.5615.50, chrome: {chromedriverVersion: 112.0.5615.49 (bd2a7bcb881c..., userDataDir: C:\Users\ahmed\AppData\Loca...}, goog:chromeOptions: {debuggerAddress: localhost:61561}, networkConnectionEnabled: false, pageLoadStrategy: normal, platformName: WINDOWS, proxy: Proxy(), se:cdp: ws://localhost:61561/devtoo..., se:cdpVersion: 112.0.5615.50, setWindowRect: true, strictFileInteractability: false, timeouts: {implicit: 0, pageLoad: 300000, script: 30000}, unhandledPromptBehavior: dismiss and notify, webauthn:extension:credBlob: true, webauthn:extension:largeBlob: true, webauthn:extension:minPinLength: true, webauthn:extension:prf: true, webauthn:virtualAuthenticators: true}
Element: [[ChromeDriver: chrome on WINDOWS (a40cf38e2c68135e720323449c887b21)] -&gt; xpath: (//h5[contains(@class,&apos;title-text pull-left&apos;)])[2]]
Session ID: a40cf38e2c68135e720323449c887b21
	at java.base/jdk.internal.reflect.NativeConstructorAccessorImpl.newInstance0(Native Method)
	at java.base/jdk.internal.reflect.NativeConstructorAccessorImpl.newInstance(NativeConstructorAccessorImpl.java:62)
	at java.base/jdk.internal.reflect.DelegatingConstructorAccessorImpl.newInstance(DelegatingConstructorAccessorImpl.java:45)
	at java.base/java.lang.reflect.Constructor.newInstance(Constructor.java:490)
	at org.openqa.selenium.remote.codec.w3c.W3CHttpResponseCodec.createException(W3CHttpResponseCodec.java:200)
	at org.openqa.selenium.remote.codec.w3c.W3CHttpResponseCodec.decode(W3CHttpResponseCodec.java:133)
	at org.openqa.selenium.remote.codec.w3c.W3CHttpResponseCodec.decode(W3CHttpResponseCodec.java:53)
	at org.openqa.selenium.remote.HttpCommandExecutor.execute(HttpCommandExecutor.java:193)
	at org.openqa.selenium.remote.service.DriverCommandExecutor.invokeExecute(DriverCommandExecutor.java:183)
	at org.openqa.selenium.remote.service.DriverCommandExecutor.execute(DriverCommandExecutor.java:158)
	at org.openqa.selenium.remote.RemoteWebDriver.execute(RemoteWebDriver.java:543)
	at org.openqa.selenium.remote.RemoteWebElement.execute(RemoteWebElement.java:257)
	at org.openqa.selenium.remote.RemoteWebElement.getText(RemoteWebElement.java:207)
	at org.openqa.selenium.support.ui.ExpectedConditions$12.apply(ExpectedConditions.java:346)
	at org.openqa.selenium.support.ui.ExpectedConditions$12.apply(ExpectedConditions.java:342)
	at org.openqa.selenium.support.ui.FluentWait.until(FluentWait.java:208)
	... 29 more

</div> <!-- stack-trace -->
                </div> <!-- method-content -->
              </div> <!-- method -->
            </div> <!-- main-panel-content rounded-window-bottom -->
          </div> <!-- suite-All_Test_Suite-class-failed -->
          <div class="suite-All_Test_Suite-class-failed">
            <div class="main-panel-header rounded-window-top">
              <img src="failed.png"/>
              <span class="class-name">testCases.AddingCreatedItemToPriceListAndMakeSalesInvoiceTest</span>
            </div> <!-- main-panel-header rounded-window-top -->
            <div class="main-panel-content rounded-window-bottom">
              <div class="method">
                <div class="method-content">
                  <a name="addCreatedItemToPriceListAndMakeSalesInvoice(Administrator, 123456789, price5432d)">
                  </a> <!-- addCreatedItemToPriceListAndMakeSalesInvoice(Administrator, 123456789, price5432d) -->
                  <span class="method-name">addCreatedItemToPriceListAndMakeSalesInvoice</span>
                  <span class="parameters">(Administrator,123456789,price5432d)</span>
                  <div class="stack-trace">org.openqa.selenium.ElementNotInteractableException: element not interactable
  (Session info: chrome=112.0.5615.50)
Build info: version: &apos;4.8.2&apos;, revision: &apos;826dbfc730&apos;
System info: os.name: &apos;Windows 10&apos;, os.arch: &apos;amd64&apos;, os.version: &apos;10.0&apos;, java.version: &apos;11.0.13&apos;
Driver info: org.openqa.selenium.chrome.ChromeDriver
Command: [8ba35843758dcf56be647f197b82b511, clickElement {id=54430d54-0086-424a-93ba-ef721ca6b77b}]
Capabilities {acceptInsecureCerts: false, browserName: chrome, browserVersion: 112.0.5615.50, chrome: {chromedriverVersion: 112.0.5615.49 (bd2a7bcb881c..., userDataDir: C:\Users\ahmed\AppData\Loca...}, goog:chromeOptions: {debuggerAddress: localhost:61379}, networkConnectionEnabled: false, pageLoadStrategy: normal, platformName: WINDOWS, proxy: Proxy(), se:cdp: ws://localhost:61379/devtoo..., se:cdpVersion: 112.0.5615.50, setWindowRect: true, strictFileInteractability: false, timeouts: {implicit: 0, pageLoad: 300000, script: 30000}, unhandledPromptBehavior: dismiss and notify, webauthn:extension:credBlob: true, webauthn:extension:largeBlob: true, webauthn:extension:minPinLength: true, webauthn:extension:prf: true, webauthn:virtualAuthenticators: true}
Element: [[ChromeDriver: chrome on WINDOWS (8ba35843758dcf56be647f197b82b511)] -&gt; xpath: (//div[@class=&apos;modal-header&apos;])[4]/a]
Session ID: 8ba35843758dcf56be647f197b82b511
	at java.base/jdk.internal.reflect.NativeConstructorAccessorImpl.newInstance0(Native Method)
	at java.base/jdk.internal.reflect.NativeConstructorAccessorImpl.newInstance(NativeConstructorAccessorImpl.java:62)
	at java.base/jdk.internal.reflect.DelegatingConstructorAccessorImpl.newInstance(DelegatingConstructorAccessorImpl.java:45)
	at java.base/java.lang.reflect.Constructor.newInstance(Constructor.java:490)
	at org.openqa.selenium.remote.codec.w3c.W3CHttpResponseCodec.createException(W3CHttpResponseCodec.java:200)
	at org.openqa.selenium.remote.codec.w3c.W3CHttpResponseCodec.decode(W3CHttpResponseCodec.java:133)
	at org.openqa.selenium.remote.codec.w3c.W3CHttpResponseCodec.decode(W3CHttpResponseCodec.java:53)
	at org.openqa.selenium.remote.HttpCommandExecutor.execute(HttpCommandExecutor.java:193)
	at org.openqa.selenium.remote.service.DriverCommandExecutor.invokeExecute(DriverCommandExecutor.java:183)
	at org.openqa.selenium.remote.service.DriverCommandExecutor.execute(DriverCommandExecutor.java:158)
	at org.openqa.selenium.remote.RemoteWebDriver.execute(RemoteWebDriver.java:543)
	at org.openqa.selenium.remote.RemoteWebElement.execute(RemoteWebElement.java:257)
	at org.openqa.selenium.remote.RemoteWebElement.click(RemoteWebElement.java:78)
	at Utilities.UtilitiesMethods.clickOnButton(UtilitiesMethods.java:9)
	at Pages.PriceListDoc.addingCreatedItemToPriceList(PriceListDoc.java:86)
	at testCases.AddingCreatedItemToPriceListAndMakeSalesInvoiceTest.addCreatedItemToPriceListAndMakeSalesInvoice(AddingCreatedItemToPriceListAndMakeSalesInvoiceTest.java:42)
	at java.base/jdk.internal.reflect.NativeMethodAccessorImpl.invoke0(Native Method)
	at java.base/jdk.internal.reflect.NativeMethodAccessorImpl.invoke(NativeMethodAccessorImpl.java:62)
	at java.base/jdk.internal.reflect.DelegatingMethodAccessorImpl.invoke(DelegatingMethodAccessorImpl.java:43)
	at java.base/java.lang.reflect.Method.invoke(Method.java:566)
	at org.testng.internal.invokers.MethodInvocationHelper.invokeMethod(MethodInvocationHelper.java:139)
	at org.testng.internal.invokers.TestInvoker.invokeMethod(TestInvoker.java:677)
	at org.testng.internal.invokers.TestInvoker.invokeTestMethod(TestInvoker.java:221)
	at org.testng.internal.invokers.MethodRunner.runInSequence(MethodRunner.java:50)
	at org.testng.internal.invokers.TestInvoker$MethodInvocationAgent.invoke(TestInvoker.java:969)
	at org.testng.internal.invokers.TestInvoker.invokeTestMethods(TestInvoker.java:194)
	at org.testng.internal.invokers.TestMethodWorker.invokeTestMethods(TestMethodWorker.java:148)
	at org.testng.internal.invokers.TestMethodWorker.run(TestMethodWorker.java:128)
	at java.base/java.util.ArrayList.forEach(ArrayList.java:1541)
	at org.testng.TestRunner.privateRun(TestRunner.java:829)
	at org.testng.TestRunner.run(TestRunner.java:602)
	at org.testng.SuiteRunner.runTest(SuiteRunner.java:437)
	at org.testng.SuiteRunner.runSequentially(SuiteRunner.java:431)
	at org.testng.SuiteRunner.privateRun(SuiteRunner.java:391)
	at org.testng.SuiteRunner.run(SuiteRunner.java:330)
	at org.testng.SuiteRunnerWorker.runSuite(SuiteRunnerWorker.java:52)
	at org.testng.SuiteRunnerWorker.run(SuiteRunnerWorker.java:95)
	at org.testng.TestNG.runSuitesSequentially(TestNG.java:1256)
	at org.testng.TestNG.runSuitesLocally(TestNG.java:1176)
	at org.testng.TestNG.runSuites(TestNG.java:1099)
	at org.testng.TestNG.run(TestNG.java:1067)
	at com.intellij.rt.testng.IDEARemoteTestNG.run(IDEARemoteTestNG.java:66)
	at com.intellij.rt.testng.RemoteTestNGStarter.main(RemoteTestNGStarter.java:109)

</div> <!-- stack-trace -->
                </div> <!-- method-content -->
              </div> <!-- method -->
            </div> <!-- main-panel-content rounded-window-bottom -->
          </div> <!-- suite-All_Test_Suite-class-failed -->
          <div class="suite-All_Test_Suite-class-passed">
            <div class="main-panel-header rounded-window-top">
              <img src="passed.png"/>
              <span class="class-name">testCases.AddNewItemTest</span>
            </div> <!-- main-panel-header rounded-window-top -->
            <div class="main-panel-content rounded-window-bottom">
              <div class="method">
                <div class="method-content">
                  <a name="addNewItem(Administrator, 123456789, new11133243s)">
                  </a> <!-- addNewItem(Administrator, 123456789, new11133243s) -->
                  <span class="method-name">addNewItem</span>
                  <span class="parameters">(Administrator,123456789,new11133243s)</span>
                </div> <!-- method-content -->
              </div> <!-- method -->
            </div> <!-- main-panel-content rounded-window-bottom -->
          </div> <!-- suite-All_Test_Suite-class-passed -->
          <div class="suite-All_Test_Suite-class-passed">
            <div class="main-panel-header rounded-window-top">
              <img src="passed.png"/>
              <span class="class-name">testCases.LoginTest</span>
            </div> <!-- main-panel-header rounded-window-top -->
            <div class="main-panel-content rounded-window-bottom">
              <div class="method">
                <div class="method-content">
                  <a name="clickONLoginButtonWithoutdata">
                  </a> <!-- clickONLoginButtonWithoutdata -->
                  <span class="method-name">clickONLoginButtonWithoutdata</span>
                </div> <!-- method-content -->
              </div> <!-- method -->
              <div class="method">
                <div class="method-content">
                  <a name="loginWithInValidID(cvcvcv, A@d3y2Mt6u6Nk)">
                  </a> <!-- loginWithInValidID(cvcvcv, A@d3y2Mt6u6Nk) -->
                  <span class="method-name">loginWithInValidID</span>
                  <span class="parameters">(cvcvcv,A@d3y2Mt6u6Nk)</span>
                </div> <!-- method-content -->
              </div> <!-- method -->
              <div class="method">
                <div class="method-content">
                  <a name="loginWithInValidID(abcde, A@d3y2Mt6u6Nk)">
                  </a> <!-- loginWithInValidID(abcde, A@d3y2Mt6u6Nk) -->
                  <span class="method-name">loginWithInValidID</span>
                  <span class="parameters">(abcde,A@d3y2Mt6u6Nk)</span>
                </div> <!-- method-content -->
              </div> <!-- method -->
              <div class="method">
                <div class="method-content">
                  <a name="loginWithInValidPassword(Administrator, abcd)">
                  </a> <!-- loginWithInValidPassword(Administrator, abcd) -->
                  <span class="method-name">loginWithInValidPassword</span>
                  <span class="parameters">(Administrator,abcd)</span>
                </div> <!-- method-content -->
              </div> <!-- method -->
              <div class="method">
                <div class="method-content">
                  <a name="loginWithInValidPassword(Administrator, hjgdhjsgd)">
                  </a> <!-- loginWithInValidPassword(Administrator, hjgdhjsgd) -->
                  <span class="method-name">loginWithInValidPassword</span>
                  <span class="parameters">(Administrator,hjgdhjsgd)</span>
                </div> <!-- method-content -->
              </div> <!-- method -->
              <div class="method">
                <div class="method-content">
                  <a name="loginWithInValidPassword(Administrator,     )">
                  </a> <!-- loginWithInValidPassword(Administrator,     ) -->
                  <span class="method-name">loginWithInValidPassword</span>
                  <span class="parameters">(Administrator,    )</span>
                </div> <!-- method-content -->
              </div> <!-- method -->
              <div class="method">
                <div class="method-content">
                  <a name="loginWithValidData(Administrator, 123456789)">
                  </a> <!-- loginWithValidData(Administrator, 123456789) -->
                  <span class="method-name">loginWithValidData</span>
                  <span class="parameters">(Administrator,123456789)</span>
                </div> <!-- method-content -->
              </div> <!-- method -->
              <div class="method">
                <div class="method-content">
                  <a name="loginWithemptyID(   , A@d3y2Mt6u6Nk)">
                  </a> <!-- loginWithemptyID(   , A@d3y2Mt6u6Nk) -->
                  <span class="method-name">loginWithemptyID</span>
                  <span class="parameters">(   ,A@d3y2Mt6u6Nk)</span>
                </div> <!-- method-content -->
              </div> <!-- method -->
            </div> <!-- main-panel-content rounded-window-bottom -->
          </div> <!-- suite-All_Test_Suite-class-passed -->
        </div> <!-- panel All_Test_Suite -->
        <div panel-name="test-xml-All_Test_Suite" class="panel">
          <div class="main-panel-header rounded-window-top">
            <span class="header-content">C:\Users\ahmed\IdeaProjects\Eirad\testng.xml</span>
          </div> <!-- main-panel-header rounded-window-top -->
          <div class="main-panel-content rounded-window-bottom">
            <pre>
&lt;?xml version=&quot;1.0&quot; encoding=&quot;UTF-8&quot;?&gt;
&lt;!DOCTYPE suite SYSTEM &quot;https://testng.org/testng-1.0.dtd&quot;&gt;
&lt;suite name=&quot;All Test Suite&quot; guice-stage=&quot;DEVELOPMENT&quot;&gt;
  &lt;test thread-count=&quot;5&quot; name=&quot;C:/Users/ahmed/IdeaProjects/Eirad&quot; verbose=&quot;2&quot;&gt;
    &lt;classes&gt;
      &lt;class name=&quot;testCases.LoginTest&quot;&gt;
        &lt;methods&gt;
          &lt;include name=&quot;clickONLoginButtonWithoutdata&quot;/&gt;
          &lt;include name=&quot;loginWithInValidID&quot;/&gt;
          &lt;include name=&quot;loginWithInValidPassword&quot;/&gt;
          &lt;include name=&quot;loginWithemptyID&quot;/&gt;
          &lt;include name=&quot;loginWithValidData&quot;/&gt;
        &lt;/methods&gt;
      &lt;/class&gt; &lt;!-- testCases.LoginTest --&gt;
      &lt;class name=&quot;testCases.AddNewItemTest&quot;&gt;
        &lt;methods&gt;
          &lt;include name=&quot;addNewItem&quot;/&gt;
          &lt;include name=&quot;openItemsListPage&quot;/&gt;
          &lt;include name=&quot;createNewItem&quot;/&gt;
        &lt;/methods&gt;
      &lt;/class&gt; &lt;!-- testCases.AddNewItemTest --&gt;
      &lt;class name=&quot;testCases.AddingItemAndMakeSalesInvoiceTest&quot;&gt;
        &lt;methods&gt;
          &lt;include name=&quot;addingItemAndMakeSalesInvoice&quot;/&gt;
          &lt;include name=&quot;openItemsListPage&quot;/&gt;
          &lt;include name=&quot;createAndSaveNewItem&quot;/&gt;
          &lt;include name=&quot;openSalesInvoicesListPage&quot;/&gt;
          &lt;include name=&quot;makeSalesInvoicesForCreatedItem&quot;/&gt;
        &lt;/methods&gt;
      &lt;/class&gt; &lt;!-- testCases.AddingItemAndMakeSalesInvoiceTest --&gt;
      &lt;class name=&quot;testCases.AddingCreatedItemToPriceListAndMakeSalesInvoiceTest&quot;&gt;
        &lt;methods&gt;
          &lt;include name=&quot;addCreatedItemToPriceListAndMakeSalesInvoice&quot;/&gt;
          &lt;include name=&quot;openItemsListPage&quot;/&gt;
          &lt;include name=&quot;createNewItem&quot;/&gt;
          &lt;include name=&quot;openPriceListPage&quot;/&gt;
          &lt;include name=&quot;openSalesInvoicesListPage&quot;/&gt;
          &lt;include name=&quot;makeSalesInvoicesForCreatedItem&quot;/&gt;
        &lt;/methods&gt;
      &lt;/class&gt; &lt;!-- testCases.AddingCreatedItemToPriceListAndMakeSalesInvoiceTest --&gt;
      &lt;class name=&quot;testCases.MakeReturnNoteTest&quot;&gt;
        &lt;methods&gt;
          &lt;include name=&quot;createReturnNote&quot;/&gt;
          &lt;include name=&quot;openItemsListPage&quot;/&gt;
          &lt;include name=&quot;createNewItem&quot;/&gt;
          &lt;include name=&quot;openPriceListPage&quot;/&gt;
          &lt;include name=&quot;openSalesInvoicesListPage&quot;/&gt;
          &lt;include name=&quot;makeSalesInvoicesForCreatedItem&quot;/&gt;
        &lt;/methods&gt;
      &lt;/class&gt; &lt;!-- testCases.MakeReturnNoteTest --&gt;
    &lt;/classes&gt;
  &lt;/test&gt; &lt;!-- C:/Users/ahmed/IdeaProjects/Eirad --&gt;
&lt;/suite&gt; &lt;!-- All Test Suite --&gt;
            </pre>
          </div> <!-- main-panel-content rounded-window-bottom -->
        </div> <!-- panel -->
        <div panel-name="testlist-All_Test_Suite" class="panel">
          <div class="main-panel-header rounded-window-top">
            <span class="header-content">Tests for All Test Suite</span>
          </div> <!-- main-panel-header rounded-window-top -->
          <div class="main-panel-content rounded-window-bottom">
            <ul>
              <li>
                <span class="test-name">C:/Users/ahmed/IdeaProjects/Eirad (5 classes)</span>
              </li>
            </ul>
          </div> <!-- main-panel-content rounded-window-bottom -->
        </div> <!-- panel -->
        <div panel-name="group-All_Test_Suite" class="panel">
          <div class="main-panel-header rounded-window-top">
            <span class="header-content">Groups for All Test Suite</span>
          </div> <!-- main-panel-header rounded-window-top -->
          <div class="main-panel-content rounded-window-bottom">
          </div> <!-- main-panel-content rounded-window-bottom -->
        </div> <!-- panel -->
        <div panel-name="times-All_Test_Suite" class="panel">
          <div class="main-panel-header rounded-window-top">
            <span class="header-content">Times for All Test Suite</span>
          </div> <!-- main-panel-header rounded-window-top -->
          <div class="main-panel-content rounded-window-bottom">
            <div class="times-div">
              <script type="text/javascript">
suiteTableInitFunctions.push('tableData_All_Test_Suite');
function tableData_All_Test_Suite() {
var data = new google.visualization.DataTable();
data.addColumn('number', 'Number');
data.addColumn('string', 'Method');
data.addColumn('string', 'Class');
data.addColumn('number', 'Time (ms)');
data.addRows(12);
data.setCell(0, 0, 0)
data.setCell(0, 1, 'addCreatedItemToPriceListAndMakeSalesInvoice')
data.setCell(0, 2, 'testCases.AddingCreatedItemToPriceListAndMakeSalesInvoiceTest')
data.setCell(0, 3, 82158);
data.setCell(1, 0, 1)
data.setCell(1, 1, 'addingItemAndMakeSalesInvoice')
data.setCell(1, 2, 'testCases.AddingItemAndMakeSalesInvoiceTest')
data.setCell(1, 3, 43571);
data.setCell(2, 0, 2)
data.setCell(2, 1, 'createReturnNote')
data.setCell(2, 2, 'testCases.MakeReturnNoteTest')
data.setCell(2, 3, 43130);
data.setCell(3, 0, 3)
data.setCell(3, 1, 'addNewItem')
data.setCell(3, 2, 'testCases.AddNewItemTest')
data.setCell(3, 3, 39716);
data.setCell(4, 0, 4)
data.setCell(4, 1, 'loginWithValidData')
data.setCell(4, 2, 'testCases.LoginTest')
data.setCell(4, 3, 20102);
data.setCell(5, 0, 5)
data.setCell(5, 1, 'loginWithInValidPassword')
data.setCell(5, 2, 'testCases.LoginTest')
data.setCell(5, 3, 1390);
data.setCell(6, 0, 6)
data.setCell(6, 1, 'loginWithInValidPassword')
data.setCell(6, 2, 'testCases.LoginTest')
data.setCell(6, 3, 949);
data.setCell(7, 0, 7)
data.setCell(7, 1, 'loginWithInValidPassword')
data.setCell(7, 2, 'testCases.LoginTest')
data.setCell(7, 3, 864);
data.setCell(8, 0, 8)
data.setCell(8, 1, 'loginWithInValidID')
data.setCell(8, 2, 'testCases.LoginTest')
data.setCell(8, 3, 834);
data.setCell(9, 0, 9)
data.setCell(9, 1, 'loginWithInValidID')
data.setCell(9, 2, 'testCases.LoginTest')
data.setCell(9, 3, 811);
data.setCell(10, 0, 10)
data.setCell(10, 1, 'loginWithemptyID')
data.setCell(10, 2, 'testCases.LoginTest')
data.setCell(10, 3, 428);
data.setCell(11, 0, 11)
data.setCell(11, 1, 'clickONLoginButtonWithoutdata')
data.setCell(11, 2, 'testCases.LoginTest')
data.setCell(11, 3, 216);
window.suiteTableData['All_Test_Suite']= { tableData: data, tableDiv: 'times-div-All_Test_Suite'}
return data;
}
              </script>
              <span class="suite-total-time">Total running time: 3 minutes</span>
              <div id="times-div-All_Test_Suite">
              </div> <!-- times-div-All_Test_Suite -->
            </div> <!-- times-div -->
          </div> <!-- main-panel-content rounded-window-bottom -->
        </div> <!-- panel -->
        <div panel-name="reporter-All_Test_Suite" class="panel">
          <div class="main-panel-header rounded-window-top">
            <span class="header-content">Reporter output for All Test Suite</span>
          </div> <!-- main-panel-header rounded-window-top -->
          <div class="main-panel-content rounded-window-bottom">
          </div> <!-- main-panel-content rounded-window-bottom -->
        </div> <!-- panel -->
        <div panel-name="ignored-methods-All_Test_Suite" class="panel">
          <div class="main-panel-header rounded-window-top">
            <span class="header-content">0 ignored methods</span>
          </div> <!-- main-panel-header rounded-window-top -->
          <div class="main-panel-content rounded-window-bottom">
          </div> <!-- main-panel-content rounded-window-bottom -->
        </div> <!-- panel -->
        <div panel-name="chronological-All_Test_Suite" class="panel">
          <div class="main-panel-header rounded-window-top">
            <span class="header-content">Methods in chronological order</span>
          </div> <!-- main-panel-header rounded-window-top -->
          <div class="main-panel-content rounded-window-bottom">
            <div class="chronological-class">
              <div class="chronological-class-name">testCases.LoginTest</div> <!-- chronological-class-name -->
              <div class="configuration-method before">
                <span class="method-name">openBrowser</span>
                <span class="method-start">0 ms</span>
              </div> <!-- configuration-method before -->
              <div class="test-method">
                <span class="method-name">clickONLoginButtonWithoutdata</span>
                <span class="method-start">9745 ms</span>
              </div> <!-- test-method -->
              <div class="configuration-method after">
                <span class="method-name">closeBrowser</span>
                <span class="method-start">9971 ms</span>
              </div> <!-- configuration-method after -->
              <div class="configuration-method before">
                <span class="method-name">openBrowser</span>
                <span class="method-start">11742 ms</span>
              </div> <!-- configuration-method before -->
              <div class="test-method">
                <span class="method-name">loginWithInValidID(abcde, A@d3y2Mt6u6Nk)</span>
                <span class="method-start">18050 ms</span>
              </div> <!-- test-method -->
              <div class="configuration-method after">
                <span class="method-name">closeBrowser</span>
                <span class="method-start">18872 ms</span>
              </div> <!-- configuration-method after -->
              <div class="configuration-method before">
                <span class="method-name">openBrowser</span>
                <span class="method-start">19705 ms</span>
              </div> <!-- configuration-method before -->
              <div class="test-method">
                <span class="method-name">loginWithInValidID(cvcvcv, A@d3y2Mt6u6Nk)</span>
                <span class="method-start">25938 ms</span>
              </div> <!-- test-method -->
              <div class="configuration-method after">
                <span class="method-name">closeBrowser</span>
                <span class="method-start">26777 ms</span>
              </div> <!-- configuration-method after -->
              <div class="configuration-method before">
                <span class="method-name">openBrowser</span>
                <span class="method-start">27705 ms</span>
              </div> <!-- configuration-method before -->
              <div class="test-method">
                <span class="method-name">loginWithInValidPassword(Administrator, abcd)</span>
                <span class="method-start">33733 ms</span>
              </div> <!-- test-method -->
              <div class="configuration-method after">
                <span class="method-name">closeBrowser</span>
                <span class="method-start">34600 ms</span>
              </div> <!-- configuration-method after -->
              <div class="configuration-method before">
                <span class="method-name">openBrowser</span>
                <span class="method-start">36048 ms</span>
              </div> <!-- configuration-method before -->
              <div class="test-method">
                <span class="method-name">loginWithInValidPassword(Administrator, hjgdhjsgd)</span>
                <span class="method-start">42640 ms</span>
              </div> <!-- test-method -->
              <div class="configuration-method after">
                <span class="method-name">closeBrowser</span>
                <span class="method-start">43593 ms</span>
              </div> <!-- configuration-method after -->
              <div class="configuration-method before">
                <span class="method-name">openBrowser</span>
                <span class="method-start">44407 ms</span>
              </div> <!-- configuration-method before -->
              <div class="test-method">
                <span class="method-name">loginWithInValidPassword(Administrator,     )</span>
                <span class="method-start">55002 ms</span>
              </div> <!-- test-method -->
              <div class="configuration-method after">
                <span class="method-name">closeBrowser</span>
                <span class="method-start">56404 ms</span>
              </div> <!-- configuration-method after -->
              <div class="configuration-method before">
                <span class="method-name">openBrowser</span>
                <span class="method-start">57854 ms</span>
              </div> <!-- configuration-method before -->
              <div class="test-method">
                <span class="method-name">loginWithemptyID(   , A@d3y2Mt6u6Nk)</span>
                <span class="method-start">64687 ms</span>
              </div> <!-- test-method -->
              <div class="configuration-method after">
                <span class="method-name">closeBrowser</span>
                <span class="method-start">65119 ms</span>
              </div> <!-- configuration-method after -->
              <div class="configuration-method before">
                <span class="method-name">openBrowser</span>
                <span class="method-start">66015 ms</span>
              </div> <!-- configuration-method before -->
              <div class="test-method">
                <span class="method-name">loginWithValidData(Administrator, 123456789)</span>
                <span class="method-start">73025 ms</span>
              </div> <!-- test-method -->
              <div class="configuration-method after">
                <span class="method-name">closeBrowser</span>
                <span class="method-start">93130 ms</span>
              </div> <!-- configuration-method after -->
            </div> <!-- chronological-class -->
            <div class="chronological-class">
              <div class="chronological-class-name">testCases.AddNewItemTest</div> <!-- chronological-class-name -->
              <div class="configuration-method before">
                <span class="method-name">openBrowser</span>
                <span class="method-start">94005 ms</span>
              </div> <!-- configuration-method before -->
              <div class="test-method">
                <span class="method-name">addNewItem(Administrator, 123456789, new11133243s)</span>
                <span class="method-start">100958 ms</span>
              </div> <!-- test-method -->
              <div class="configuration-method after">
                <span class="method-name">closeBrowser</span>
                <span class="method-start">140679 ms</span>
              </div> <!-- configuration-method after -->
            </div> <!-- chronological-class -->
            <div class="chronological-class">
              <div class="chronological-class-name">testCases.AddingItemAndMakeSalesInvoiceTest</div> <!-- chronological-class-name -->
              <div class="configuration-method before">
                <span class="method-name">openBrowser</span>
                <span class="method-start">141541 ms</span>
              </div> <!-- configuration-method before -->
              <div class="test-method">
                <img src="failed.png">
                </img>
                <span class="method-name">addingItemAndMakeSalesInvoice(Administrator, 123456789, sales1342312)</span>
                <span class="method-start">148313 ms</span>
              </div> <!-- test-method -->
              <div class="configuration-method after">
                <span class="method-name">closeBrowser</span>
                <span class="method-start">191913 ms</span>
              </div> <!-- configuration-method after -->
            </div> <!-- chronological-class -->
            <div class="chronological-class">
              <div class="chronological-class-name">testCases.AddingCreatedItemToPriceListAndMakeSalesInvoiceTest</div> <!-- chronological-class-name -->
              <div class="configuration-method before">
                <span class="method-name">openBrowser</span>
                <span class="method-start">192823 ms</span>
              </div> <!-- configuration-method before -->
              <div class="test-method">
                <img src="failed.png">
                </img>
                <span class="method-name">addCreatedItemToPriceListAndMakeSalesInvoice(Administrator, 123456789, price5432d)</span>
                <span class="method-start">205632 ms</span>
              </div> <!-- test-method -->
              <div class="configuration-method after">
                <span class="method-name">closeBrowser</span>
                <span class="method-start">287800 ms</span>
              </div> <!-- configuration-method after -->
            </div> <!-- chronological-class -->
            <div class="chronological-class">
              <div class="chronological-class-name">testCases.MakeReturnNoteTest</div> <!-- chronological-class-name -->
              <div class="configuration-method before">
                <span class="method-name">openBrowser</span>
                <span class="method-start">288724 ms</span>
              </div> <!-- configuration-method before -->
              <div class="test-method">
                <img src="failed.png">
                </img>
                <span class="method-name">createReturnNote(Administrator, 123456789, return1123123)</span>
                <span class="method-start">295745 ms</span>
              </div> <!-- test-method -->
              <div class="configuration-method after">
                <span class="method-name">closeBrowser</span>
                <span class="method-start">338887 ms</span>
              </div> <!-- configuration-method after -->
          </div> <!-- main-panel-content rounded-window-bottom -->
        </div> <!-- panel -->
      </div> <!-- main-panel-root -->
    </div> <!-- wrapper -->
  </body>
<script type="text/javascript" src="testng-reports2.js"></script>
</html>
