<?xml version="1.0" encoding="UTF-8"?>
<testng-results ignored="0" total="12" passed="9" failed="3" skipped="0">
  <reporter-output>
  </reporter-output>
  <suite started-at="2023-04-13T12:53:07 EET" name="All Test Suite" finished-at="2023-04-13T12:58:47 EET" duration-ms="339655">
    <groups>
    </groups>
    <test started-at="2023-04-13T12:53:07 EET" name="C:/Users/ahmed/IdeaProjects/Eirad" finished-at="2023-04-13T12:58:47 EET" duration-ms="339655">
      <class name="testCases.LoginTest">
        <test-method is-config="true" signature="openBrowser()[pri:0, instance:testCases.LoginTest@2e32ccc5]" started-at="2023-04-13T12:53:07 EET" name="openBrowser" finished-at="2023-04-13T12:53:17 EET" duration-ms="9527" status="PASS">
          <reporter-output>
          </reporter-output>
        </test-method> <!-- openBrowser -->
        <test-method signature="clickONLoginButtonWithoutdata()[pri:1, instance:testCases.LoginTest@2e32ccc5]" started-at="2023-04-13T12:53:17 EET" name="clickONLoginButtonWithoutdata" finished-at="2023-04-13T12:53:17 EET" duration-ms="216" status="PASS">
          <reporter-output>
          </reporter-output>
        </test-method> <!-- clickONLoginButtonWithoutdata -->
        <test-method is-config="true" signature="closeBrowser()[pri:0, instance:testCases.LoginTest@2e32ccc5]" started-at="2023-04-13T12:53:17 EET" name="closeBrowser" finished-at="2023-04-13T12:53:18 EET" duration-ms="856" status="PASS">
          <reporter-output>
          </reporter-output>
        </test-method> <!-- closeBrowser -->
        <test-method is-config="true" signature="openBrowser()[pri:0, instance:testCases.LoginTest@2e32ccc5]" started-at="2023-04-13T12:53:19 EET" name="openBrowser" finished-at="2023-04-13T12:53:25 EET" duration-ms="6306" status="PASS">
          <reporter-output>
          </reporter-output>
        </test-method> <!-- openBrowser -->
        <test-method signature="loginWithInValidID(java.lang.String,java.lang.String)[pri:2, instance:testCases.LoginTest@2e32ccc5]" started-at="2023-04-13T12:53:25 EET" name="loginWithInValidID" data-provider="invalidID" finished-at="2023-04-13T12:53:26 EET" duration-ms="811" status="PASS">
          <params>
            <param index="0">
              <value>
                <![CDATA[abcde]]>
              </value>
            </param>
            <param index="1">
              <value>
                <![CDATA[A@d3y2Mt6u6Nk]]>
              </value>
            </param>
          </params>
          <reporter-output>
          </reporter-output>
        </test-method> <!-- loginWithInValidID -->
        <test-method is-config="true" signature="closeBrowser()[pri:0, instance:testCases.LoginTest@2e32ccc5]" started-at="2023-04-13T12:53:26 EET" name="closeBrowser" finished-at="2023-04-13T12:53:27 EET" duration-ms="831" status="PASS">
          <reporter-output>
          </reporter-output>
        </test-method> <!-- closeBrowser -->
        <test-method is-config="true" signature="openBrowser()[pri:0, instance:testCases.LoginTest@2e32ccc5]" started-at="2023-04-13T12:53:27 EET" name="openBrowser" finished-at="2023-04-13T12:53:33 EET" duration-ms="6210" status="PASS">
          <reporter-output>
          </reporter-output>
        </test-method> <!-- openBrowser -->
        <test-method signature="loginWithInValidID(java.lang.String,java.lang.String)[pri:2, instance:testCases.LoginTest@2e32ccc5]" started-at="2023-04-13T12:53:33 EET" name="loginWithInValidID" data-provider="invalidID" finished-at="2023-04-13T12:53:34 EET" duration-ms="834" status="PASS">
          <params>
            <param index="0">
              <value>
                <![CDATA[cvcvcv]]>
              </value>
            </param>
            <param index="1">
              <value>
                <![CDATA[A@d3y2Mt6u6Nk]]>
              </value>
            </param>
          </params>
          <reporter-output>
          </reporter-output>
        </test-method> <!-- loginWithInValidID -->
        <test-method is-config="true" signature="closeBrowser()[pri:0, instance:testCases.LoginTest@2e32ccc5]" started-at="2023-04-13T12:53:34 EET" name="closeBrowser" finished-at="2023-04-13T12:53:35 EET" duration-ms="868" status="PASS">
          <reporter-output>
          </reporter-output>
        </test-method> <!-- closeBrowser -->
        <test-method is-config="true" signature="openBrowser()[pri:0, instance:testCases.LoginTest@2e32ccc5]" started-at="2023-04-13T12:53:35 EET" name="openBrowser" finished-at="2023-04-13T12:53:41 EET" duration-ms="6026" status="PASS">
          <reporter-output>
          </reporter-output>
        </test-method> <!-- openBrowser -->
        <test-method signature="loginWithInValidPassword(java.lang.String,java.lang.String)[pri:3, instance:testCases.LoginTest@2e32ccc5]" started-at="2023-04-13T12:53:41 EET" name="loginWithInValidPassword" data-provider="invalidPassword" finished-at="2023-04-13T12:53:42 EET" duration-ms="864" status="PASS">
          <params>
            <param index="0">
              <value>
                <![CDATA[Administrator]]>
              </value>
            </param>
            <param index="1">
              <value>
                <![CDATA[abcd]]>
              </value>
            </param>
          </params>
          <reporter-output>
          </reporter-output>
        </test-method> <!-- loginWithInValidPassword -->
        <test-method is-config="true" signature="closeBrowser()[pri:0, instance:testCases.LoginTest@2e32ccc5]" started-at="2023-04-13T12:53:42 EET" name="closeBrowser" finished-at="2023-04-13T12:53:43 EET" duration-ms="1441" status="PASS">
          <reporter-output>
          </reporter-output>
        </test-method> <!-- closeBrowser -->
        <test-method is-config="true" signature="openBrowser()[pri:0, instance:testCases.LoginTest@2e32ccc5]" started-at="2023-04-13T12:53:43 EET" name="openBrowser" finished-at="2023-04-13T12:53:50 EET" duration-ms="6587" status="PASS">
          <reporter-output>
          </reporter-output>
        </test-method> <!-- openBrowser -->
        <test-method signature="loginWithInValidPassword(java.lang.String,java.lang.String)[pri:3, instance:testCases.LoginTest@2e32ccc5]" started-at="2023-04-13T12:53:50 EET" name="loginWithInValidPassword" data-provider="invalidPassword" finished-at="2023-04-13T12:53:51 EET" duration-ms="949" status="PASS">
          <params>
            <param index="0">
              <value>
                <![CDATA[Administrator]]>
              </value>
            </param>
            <param index="1">
              <value>
                <![CDATA[hjgdhjsgd]]>
              </value>
            </param>
          </params>
          <reporter-output>
          </reporter-output>
        </test-method> <!-- loginWithInValidPassword -->
        <test-method is-config="true" signature="closeBrowser()[pri:0, instance:testCases.LoginTest@2e32ccc5]" started-at="2023-04-13T12:53:51 EET" name="closeBrowser" finished-at="2023-04-13T12:53:52 EET" duration-ms="809" status="PASS">
          <reporter-output>
          </reporter-output>
        </test-method> <!-- closeBrowser -->
        <test-method is-config="true" signature="openBrowser()[pri:0, instance:testCases.LoginTest@2e32ccc5]" started-at="2023-04-13T12:53:52 EET" name="openBrowser" finished-at="2023-04-13T12:54:02 EET" duration-ms="10593" status="PASS">
          <reporter-output>
          </reporter-output>
        </test-method> <!-- openBrowser -->
        <test-method signature="loginWithInValidPassword(java.lang.String,java.lang.String)[pri:3, instance:testCases.LoginTest@2e32ccc5]" started-at="2023-04-13T12:54:02 EET" name="loginWithInValidPassword" data-provider="invalidPassword" finished-at="2023-04-13T12:54:04 EET" duration-ms="1390" status="PASS">
          <params>
            <param index="0">
              <value>
                <![CDATA[Administrator]]>
              </value>
            </param>
            <param index="1">
              <value>
                <![CDATA[    ]]>
              </value>
            </param>
          </params>
          <reporter-output>
          </reporter-output>
        </test-method> <!-- loginWithInValidPassword -->
        <test-method is-config="true" signature="closeBrowser()[pri:0, instance:testCases.LoginTest@2e32ccc5]" started-at="2023-04-13T12:54:04 EET" name="closeBrowser" finished-at="2023-04-13T12:54:05 EET" duration-ms="1397" status="PASS">
          <reporter-output>
          </reporter-output>
        </test-method> <!-- closeBrowser -->
        <test-method is-config="true" signature="openBrowser()[pri:0, instance:testCases.LoginTest@2e32ccc5]" started-at="2023-04-13T12:54:05 EET" name="openBrowser" finished-at="2023-04-13T12:54:12 EET" duration-ms="6825" status="PASS">
          <reporter-output>
          </reporter-output>
        </test-method> <!-- openBrowser -->
        <test-method signature="loginWithemptyID(java.lang.String,java.lang.String)[pri:4, instance:testCases.LoginTest@2e32ccc5]" started-at="2023-04-13T12:54:12 EET" name="loginWithemptyID" data-provider="loginWithemptyID" finished-at="2023-04-13T12:54:12 EET" duration-ms="428" status="PASS">
          <params>
            <param index="0">
              <value>
                <![CDATA[   ]]>
              </value>
            </param>
            <param index="1">
              <value>
                <![CDATA[A@d3y2Mt6u6Nk]]>
              </value>
            </param>
          </params>
          <reporter-output>
          </reporter-output>
        </test-method> <!-- loginWithemptyID -->
        <test-method is-config="true" signature="closeBrowser()[pri:0, instance:testCases.LoginTest@2e32ccc5]" started-at="2023-04-13T12:54:12 EET" name="closeBrowser" finished-at="2023-04-13T12:54:13 EET" duration-ms="810" status="PASS">
          <reporter-output>
          </reporter-output>
        </test-method> <!-- closeBrowser -->
        <test-method is-config="true" signature="openBrowser()[pri:0, instance:testCases.LoginTest@2e32ccc5]" started-at="2023-04-13T12:54:13 EET" name="openBrowser" finished-at="2023-04-13T12:54:20 EET" duration-ms="7008" status="PASS">
          <reporter-output>
          </reporter-output>
        </test-method> <!-- openBrowser -->
        <test-method signature="loginWithValidData(java.lang.String,java.lang.String)[pri:5, instance:testCases.LoginTest@2e32ccc5]" started-at="2023-04-13T12:54:20 EET" name="loginWithValidData" data-provider="validData" finished-at="2023-04-13T12:54:40 EET" duration-ms="20102" status="PASS">
          <params>
            <param index="0">
              <value>
                <![CDATA[Administrator]]>
              </value>
            </param>
            <param index="1">
              <value>
                <![CDATA[123456789]]>
              </value>
            </param>
          </params>
          <reporter-output>
          </reporter-output>
        </test-method> <!-- loginWithValidData -->
        <test-method is-config="true" signature="closeBrowser()[pri:0, instance:testCases.LoginTest@2e32ccc5]" started-at="2023-04-13T12:54:40 EET" name="closeBrowser" finished-at="2023-04-13T12:54:41 EET" duration-ms="805" status="PASS">
          <reporter-output>
          </reporter-output>
        </test-method> <!-- closeBrowser -->
      </class> <!-- testCases.LoginTest -->
      <class name="testCases.AddNewItemTest">
        <test-method is-config="true" signature="openBrowser()[pri:0, instance:testCases.AddNewItemTest@1bab8268]" started-at="2023-04-13T12:54:41 EET" name="openBrowser" finished-at="2023-04-13T12:54:48 EET" duration-ms="6949" status="PASS">
          <reporter-output>
          </reporter-output>
        </test-method> <!-- openBrowser -->
        <test-method signature="addNewItem(java.lang.String,java.lang.String,java.lang.String)[pri:1, instance:testCases.AddNewItemTest@1bab8268]" started-at="2023-04-13T12:54:48 EET" name="addNewItem" data-provider="addNewItem" finished-at="2023-04-13T12:55:28 EET" duration-ms="39716" status="PASS">
          <params>
            <param index="0">
              <value>
                <![CDATA[Administrator]]>
              </value>
            </param>
            <param index="1">
              <value>
                <![CDATA[123456789]]>
              </value>
            </param>
            <param index="2">
              <value>
                <![CDATA[new11133243s]]>
              </value>
            </param>
          </params>
          <reporter-output>
          </reporter-output>
        </test-method> <!-- addNewItem -->
        <test-method is-config="true" signature="closeBrowser()[pri:0, instance:testCases.AddNewItemTest@1bab8268]" started-at="2023-04-13T12:55:28 EET" name="closeBrowser" finished-at="2023-04-13T12:55:29 EET" duration-ms="796" status="PASS">
          <reporter-output>
          </reporter-output>
        </test-method> <!-- closeBrowser -->
      </class> <!-- testCases.AddNewItemTest -->
      <class name="testCases.AddingCreatedItemToPriceListAndMakeSalesInvoiceTest">
        <test-method is-config="true" signature="openBrowser()[pri:0, instance:testCases.AddingCreatedItemToPriceListAndMakeSalesInvoiceTest@6e01f9b0]" started-at="2023-04-13T12:56:20 EET" name="openBrowser" finished-at="2023-04-13T12:56:33 EET" duration-ms="12807" status="PASS">
          <reporter-output>
          </reporter-output>
        </test-method> <!-- openBrowser -->
        <test-method signature="addCreatedItemToPriceListAndMakeSalesInvoice(java.lang.String,java.lang.String,java.lang.String)[pri:1, instance:testCases.AddingCreatedItemToPriceListAndMakeSalesInvoiceTest@6e01f9b0]" started-at="2023-04-13T12:56:33 EET" name="addCreatedItemToPriceListAndMakeSalesInvoice" data-provider="testdata" finished-at="2023-04-13T12:57:55 EET" duration-ms="82158" status="FAIL">
          <params>
            <param index="0">
              <value>
                <![CDATA[Administrator]]>
              </value>
            </param>
            <param index="1">
              <value>
                <![CDATA[123456789]]>
              </value>
            </param>
            <param index="2">
              <value>
                <![CDATA[price5432d]]>
              </value>
            </param>
          </params>
          <exception class="org.openqa.selenium.ElementNotInteractableException">
            <message>
              <![CDATA[element not interactable
  (Session info: chrome=112.0.5615.50)
Build info: version: '4.8.2', revision: '826dbfc730'
System info: os.name: 'Windows 10', os.arch: 'amd64', os.version: '10.0', java.version: '11.0.13'
Driver info: org.openqa.selenium.chrome.ChromeDriver
Command: [8ba35843758dcf56be647f197b82b511, clickElement {id=54430d54-0086-424a-93ba-ef721ca6b77b}]
Capabilities {acceptInsecureCerts: false, browserName: chrome, browserVersion: 112.0.5615.50, chrome: {chromedriverVersion: 112.0.5615.49 (bd2a7bcb881c..., userDataDir: C:\Users\ahmed\AppData\Loca...}, goog:chromeOptions: {debuggerAddress: localhost:61379}, networkConnectionEnabled: false, pageLoadStrategy: normal, platformName: WINDOWS, proxy: Proxy(), se:cdp: ws://localhost:61379/devtoo..., se:cdpVersion: 112.0.5615.50, setWindowRect: true, strictFileInteractability: false, timeouts: {implicit: 0, pageLoad: 300000, script: 30000}, unhandledPromptBehavior: dismiss and notify, webauthn:extension:credBlob: true, webauthn:extension:largeBlob: true, webauthn:extension:minPinLength: true, webauthn:extension:prf: true, webauthn:virtualAuthenticators: true}
Element: [[ChromeDriver: chrome on WINDOWS (8ba35843758dcf56be647f197b82b511)] -> xpath: (//div[@class='modal-header'])[4]/a]
Session ID: 8ba35843758dcf56be647f197b82b511]]>
            </message>
            <full-stacktrace>
              <![CDATA[org.openqa.selenium.ElementNotInteractableException: element not interactable
  (Session info: chrome=112.0.5615.50)
Build info: version: '4.8.2', revision: '826dbfc730'
System info: os.name: 'Windows 10', os.arch: 'amd64', os.version: '10.0', java.version: '11.0.13'
Driver info: org.openqa.selenium.chrome.ChromeDriver
Command: [8ba35843758dcf56be647f197b82b511, clickElement {id=54430d54-0086-424a-93ba-ef721ca6b77b}]
Capabilities {acceptInsecureCerts: false, browserName: chrome, browserVersion: 112.0.5615.50, chrome: {chromedriverVersion: 112.0.5615.49 (bd2a7bcb881c..., userDataDir: C:\Users\ahmed\AppData\Loca...}, goog:chromeOptions: {debuggerAddress: localhost:61379}, networkConnectionEnabled: false, pageLoadStrategy: normal, platformName: WINDOWS, proxy: Proxy(), se:cdp: ws://localhost:61379/devtoo..., se:cdpVersion: 112.0.5615.50, setWindowRect: true, strictFileInteractability: false, timeouts: {implicit: 0, pageLoad: 300000, script: 30000}, unhandledPromptBehavior: dismiss and notify, webauthn:extension:credBlob: true, webauthn:extension:largeBlob: true, webauthn:extension:minPinLength: true, webauthn:extension:prf: true, webauthn:virtualAuthenticators: true}
Element: [[ChromeDriver: chrome on WINDOWS (8ba35843758dcf56be647f197b82b511)] -> xpath: (//div[@class='modal-header'])[4]/a]
Session ID: 8ba35843758dcf56be647f197b82b511
at java.base/jdk.internal.reflect.NativeConstructorAccessorImpl.newInstance0(Native Method)
at java.base/jdk.internal.reflect.NativeConstructorAccessorImpl.newInstance(NativeConstructorAccessorImpl.java:62)
at java.base/jdk.internal.reflect.DelegatingConstructorAccessorImpl.newInstance(DelegatingConstructorAccessorImpl.java:45)
at java.base/java.lang.reflect.Constructor.newInstance(Constructor.java:490)
at org.openqa.selenium.remote.codec.w3c.W3CHttpResponseCodec.createException(W3CHttpResponseCodec.java:200)
at org.openqa.selenium.remote.codec.w3c.W3CHttpResponseCodec.decode(W3CHttpResponseCodec.java:133)
at org.openqa.selenium.remote.codec.w3c.W3CHttpResponseCodec.decode(W3CHttpResponseCodec.java:53)
at org.openqa.selenium.remote.HttpCommandExecutor.execute(HttpCommandExecutor.java:193)
at org.openqa.selenium.remote.service.DriverCommandExecutor.invokeExecute(DriverCommandExecutor.java:183)
at org.openqa.selenium.remote.service.DriverCommandExecutor.execute(DriverCommandExecutor.java:158)
at org.openqa.selenium.remote.RemoteWebDriver.execute(RemoteWebDriver.java:543)
at org.openqa.selenium.remote.RemoteWebElement.execute(RemoteWebElement.java:257)
at org.openqa.selenium.remote.RemoteWebElement.click(RemoteWebElement.java:78)
at Utilities.UtilitiesMethods.clickOnButton(UtilitiesMethods.java:9)
at Pages.PriceListDoc.addingCreatedItemToPriceList(PriceListDoc.java:86)
at testCases.AddingCreatedItemToPriceListAndMakeSalesInvoiceTest.addCreatedItemToPriceListAndMakeSalesInvoice(AddingCreatedItemToPriceListAndMakeSalesInvoiceTest.java:42)
at java.base/jdk.internal.reflect.NativeMethodAccessorImpl.invoke0(Native Method)
at java.base/jdk.internal.reflect.NativeMethodAccessorImpl.invoke(NativeMethodAccessorImpl.java:62)
at java.base/jdk.internal.reflect.DelegatingMethodAccessorImpl.invoke(DelegatingMethodAccessorImpl.java:43)
at java.base/java.lang.reflect.Method.invoke(Method.java:566)
at org.testng.internal.invokers.MethodInvocationHelper.invokeMethod(MethodInvocationHelper.java:139)
at org.testng.internal.invokers.TestInvoker.invokeMethod(TestInvoker.java:677)
at org.testng.internal.invokers.TestInvoker.invokeTestMethod(TestInvoker.java:221)
at org.testng.internal.invokers.MethodRunner.runInSequence(MethodRunner.java:50)
at org.testng.internal.invokers.TestInvoker$MethodInvocationAgent.invoke(TestInvoker.java:969)
at org.testng.internal.invokers.TestInvoker.invokeTestMethods(TestInvoker.java:194)
at org.testng.internal.invokers.TestMethodWorker.invokeTestMethods(TestMethodWorker.java:148)
at org.testng.internal.invokers.TestMethodWorker.run(TestMethodWorker.java:128)
at java.base/java.util.ArrayList.forEach(ArrayList.java:1541)
at org.testng.TestRunner.privateRun(TestRunner.java:829)
at org.testng.TestRunner.run(TestRunner.java:602)
at org.testng.SuiteRunner.runTest(SuiteRunner.java:437)
at org.testng.SuiteRunner.runSequentially(SuiteRunner.java:431)
at org.testng.SuiteRunner.privateRun(SuiteRunner.java:391)
at org.testng.SuiteRunner.run(SuiteRunner.java:330)
at org.testng.SuiteRunnerWorker.runSuite(SuiteRunnerWorker.java:52)
at org.testng.SuiteRunnerWorker.run(SuiteRunnerWorker.java:95)
at org.testng.TestNG.runSuitesSequentially(TestNG.java:1256)
at org.testng.TestNG.runSuitesLocally(TestNG.java:1176)
at org.testng.TestNG.runSuites(TestNG.java:1099)
at org.testng.TestNG.run(TestNG.java:1067)
at com.intellij.rt.testng.IDEARemoteTestNG.run(IDEARemoteTestNG.java:66)
at com.intellij.rt.testng.RemoteTestNGStarter.main(RemoteTestNGStarter.java:109)
]]>
            </full-stacktrace>
          </exception> <!-- org.openqa.selenium.ElementNotInteractableException -->
          <reporter-output>
          </reporter-output>
        </test-method> <!-- addCreatedItemToPriceListAndMakeSalesInvoice -->
        <test-method is-config="true" signature="closeBrowser()[pri:0, instance:testCases.AddingCreatedItemToPriceListAndMakeSalesInvoiceTest@6e01f9b0]" started-at="2023-04-13T12:57:55 EET" name="closeBrowser" finished-at="2023-04-13T12:57:56 EET" duration-ms="871" status="PASS">
          <reporter-output>
          </reporter-output>
        </test-method> <!-- closeBrowser -->
      </class> <!-- testCases.AddingCreatedItemToPriceListAndMakeSalesInvoiceTest -->
      <class name="testCases.AddingItemAndMakeSalesInvoiceTest">
        <test-method is-config="true" signature="openBrowser()[pri:0, instance:testCases.AddingItemAndMakeSalesInvoiceTest@a307a8c]" started-at="2023-04-13T12:55:29 EET" name="openBrowser" finished-at="2023-04-13T12:55:36 EET" duration-ms="6769" status="PASS">
          <reporter-output>
          </reporter-output>
        </test-method> <!-- openBrowser -->
        <test-method signature="addingItemAndMakeSalesInvoice(java.lang.String,java.lang.String,java.lang.String)[pri:1, instance:testCases.AddingItemAndMakeSalesInvoiceTest@a307a8c]" started-at="2023-04-13T12:55:36 EET" name="addingItemAndMakeSalesInvoice" data-provider="addingItemAndMakeSalesInvoice" finished-at="2023-04-13T12:56:19 EET" duration-ms="43571" status="FAIL">
          <params>
            <param index="0">
              <value>
                <![CDATA[Administrator]]>
              </value>
            </param>
            <param index="1">
              <value>
                <![CDATA[123456789]]>
              </value>
            </param>
            <param index="2">
              <value>
                <![CDATA[sales1342312]]>
              </value>
            </param>
          </params>
          <exception class="org.openqa.selenium.TimeoutException">
            <message>
              <![CDATA[Expected condition failed: waiting for text ('sales1342312') to be present in element [[ChromeDriver: chrome on WINDOWS (df8226d6e6b48ec3416a37faba87c6f0)] -> xpath: (//h5[contains(@class,'title-text pull-left')])[2]] (tried for 10 second(s) with 500 milliseconds interval)
Build info: version: '4.8.2', revision: '826dbfc730'
System info: os.name: 'Windows 10', os.arch: 'amd64', os.version: '10.0', java.version: '11.0.13'
Driver info: org.openqa.selenium.chrome.ChromeDriver
Capabilities {acceptInsecureCerts: false, browserName: chrome, browserVersion: 112.0.5615.50, chrome: {chromedriverVersion: 112.0.5615.49 (bd2a7bcb881c..., userDataDir: C:\Users\ahmed\AppData\Loca...}, goog:chromeOptions: {debuggerAddress: localhost:61325}, networkConnectionEnabled: false, pageLoadStrategy: normal, platformName: WINDOWS, proxy: Proxy(), se:cdp: ws://localhost:61325/devtoo..., se:cdpVersion: 112.0.5615.50, setWindowRect: true, strictFileInteractability: false, timeouts: {implicit: 0, pageLoad: 300000, script: 30000}, unhandledPromptBehavior: dismiss and notify, webauthn:extension:credBlob: true, webauthn:extension:largeBlob: true, webauthn:extension:minPinLength: true, webauthn:extension:prf: true, webauthn:virtualAuthenticators: true}
Session ID: df8226d6e6b48ec3416a37faba87c6f0]]>
            </message>
            <full-stacktrace>
              <![CDATA[org.openqa.selenium.TimeoutException: Expected condition failed: waiting for text ('sales1342312') to be present in element [[ChromeDriver: chrome on WINDOWS (df8226d6e6b48ec3416a37faba87c6f0)] -> xpath: (//h5[contains(@class,'title-text pull-left')])[2]] (tried for 10 second(s) with 500 milliseconds interval)
Build info: version: '4.8.2', revision: '826dbfc730'
System info: os.name: 'Windows 10', os.arch: 'amd64', os.version: '10.0', java.version: '11.0.13'
Driver info: org.openqa.selenium.chrome.ChromeDriver
Capabilities {acceptInsecureCerts: false, browserName: chrome, browserVersion: 112.0.5615.50, chrome: {chromedriverVersion: 112.0.5615.49 (bd2a7bcb881c..., userDataDir: C:\Users\ahmed\AppData\Loca...}, goog:chromeOptions: {debuggerAddress: localhost:61325}, networkConnectionEnabled: false, pageLoadStrategy: normal, platformName: WINDOWS, proxy: Proxy(), se:cdp: ws://localhost:61325/devtoo..., se:cdpVersion: 112.0.5615.50, setWindowRect: true, strictFileInteractability: false, timeouts: {implicit: 0, pageLoad: 300000, script: 30000}, unhandledPromptBehavior: dismiss and notify, webauthn:extension:credBlob: true, webauthn:extension:largeBlob: true, webauthn:extension:minPinLength: true, webauthn:extension:prf: true, webauthn:virtualAuthenticators: true}
Session ID: df8226d6e6b48ec3416a37faba87c6f0
at org.openqa.selenium.support.ui.WebDriverWait.timeoutException(WebDriverWait.java:87)
at org.openqa.selenium.support.ui.FluentWait.until(FluentWait.java:231)
at Pages.ItemPage.createAndSaveNewItem(ItemPage.java:74)
at testCases.AddingItemAndMakeSalesInvoiceTest.addingItemAndMakeSalesInvoice(AddingItemAndMakeSalesInvoiceTest.java:33)
at java.base/jdk.internal.reflect.NativeMethodAccessorImpl.invoke0(Native Method)
at java.base/jdk.internal.reflect.NativeMethodAccessorImpl.invoke(NativeMethodAccessorImpl.java:62)
at java.base/jdk.internal.reflect.DelegatingMethodAccessorImpl.invoke(DelegatingMethodAccessorImpl.java:43)
at java.base/java.lang.reflect.Method.invoke(Method.java:566)
at org.testng.internal.invokers.MethodInvocationHelper.invokeMethod(MethodInvocationHelper.java:139)
at org.testng.internal.invokers.TestInvoker.invokeMethod(TestInvoker.java:677)
at org.testng.internal.invokers.TestInvoker.invokeTestMethod(TestInvoker.java:221)
at org.testng.internal.invokers.MethodRunner.runInSequence(MethodRunner.java:50)
at org.testng.internal.invokers.TestInvoker$MethodInvocationAgent.invoke(TestInvoker.java:969)
at org.testng.internal.invokers.TestInvoker.invokeTestMethods(TestInvoker.java:194)
at org.testng.internal.invokers.TestMethodWorker.invokeTestMethods(TestMethodWorker.java:148)
at org.testng.internal.invokers.TestMethodWorker.run(TestMethodWorker.java:128)
at java.base/java.util.ArrayList.forEach(ArrayList.java:1541)
at org.testng.TestRunner.privateRun(TestRunner.java:829)
at org.testng.TestRunner.run(TestRunner.java:602)
at org.testng.SuiteRunner.runTest(SuiteRunner.java:437)
at org.testng.SuiteRunner.runSequentially(SuiteRunner.java:431)
at org.testng.SuiteRunner.privateRun(SuiteRunner.java:391)
at org.testng.SuiteRunner.run(SuiteRunner.java:330)
at org.testng.SuiteRunnerWorker.runSuite(SuiteRunnerWorker.java:52)
at org.testng.SuiteRunnerWorker.run(SuiteRunnerWorker.java:95)
at org.testng.TestNG.runSuitesSequentially(TestNG.java:1256)
at org.testng.TestNG.runSuitesLocally(TestNG.java:1176)
at org.testng.TestNG.runSuites(TestNG.java:1099)
at org.testng.TestNG.run(TestNG.java:1067)
at com.intellij.rt.testng.IDEARemoteTestNG.run(IDEARemoteTestNG.java:66)
at com.intellij.rt.testng.RemoteTestNGStarter.main(RemoteTestNGStarter.java:109)
]]>
            </full-stacktrace>
          </exception> <!-- org.openqa.selenium.TimeoutException -->
          <reporter-output>
          </reporter-output>
        </test-method> <!-- addingItemAndMakeSalesInvoice -->
        <test-method is-config="true" signature="closeBrowser()[pri:0, instance:testCases.AddingItemAndMakeSalesInvoiceTest@a307a8c]" started-at="2023-04-13T12:56:19 EET" name="closeBrowser" finished-at="2023-04-13T12:56:20 EET" duration-ms="858" status="PASS">
          <reporter-output>
          </reporter-output>
        </test-method> <!-- closeBrowser -->
      </class> <!-- testCases.AddingItemAndMakeSalesInvoiceTest -->
      <class name="testCases.MakeReturnNoteTest">
        <test-method is-config="true" signature="openBrowser()[pri:0, instance:testCases.MakeReturnNoteTest@2b9ed6da]" started-at="2023-04-13T12:57:56 EET" name="openBrowser" finished-at="2023-04-13T12:58:03 EET" duration-ms="7019" status="PASS">
          <reporter-output>
          </reporter-output>
        </test-method> <!-- openBrowser -->
        <test-method signature="createReturnNote(java.lang.String,java.lang.String,java.lang.String)[pri:1, instance:testCases.MakeReturnNoteTest@2b9ed6da]" started-at="2023-04-13T12:58:03 EET" name="createReturnNote" data-provider="testdata" finished-at="2023-04-13T12:58:46 EET" duration-ms="43130" status="FAIL">
          <params>
            <param index="0">
              <value>
                <![CDATA[Administrator]]>
              </value>
            </param>
            <param index="1">
              <value>
                <![CDATA[123456789]]>
              </value>
            </param>
            <param index="2">
              <value>
                <![CDATA[return1123123]]>
              </value>
            </param>
          </params>
          <exception class="org.openqa.selenium.TimeoutException">
            <message>
              <![CDATA[Expected condition failed: waiting for text ('return1123123') to be present in element [[ChromeDriver: chrome on WINDOWS (a40cf38e2c68135e720323449c887b21)] -> xpath: (//h5[contains(@class,'title-text pull-left')])[2]] (tried for 10 second(s) with 500 milliseconds interval)]]>
            </message>
            <full-stacktrace>
              <![CDATA[org.openqa.selenium.TimeoutException: Expected condition failed: waiting for text ('return1123123') to be present in element [[ChromeDriver: chrome on WINDOWS (a40cf38e2c68135e720323449c887b21)] -> xpath: (//h5[contains(@class,'title-text pull-left')])[2]] (tried for 10 second(s) with 500 milliseconds interval)
at org.openqa.selenium.support.ui.WebDriverWait.timeoutException(WebDriverWait.java:87)
at org.openqa.selenium.support.ui.FluentWait.until(FluentWait.java:231)
at Pages.ItemPage.createAndSaveNewItem(ItemPage.java:74)
at testCases.MakeReturnNoteTest.createReturnNote(MakeReturnNoteTest.java:42)
at java.base/jdk.internal.reflect.NativeMethodAccessorImpl.invoke0(Native Method)
at java.base/jdk.internal.reflect.NativeMethodAccessorImpl.invoke(NativeMethodAccessorImpl.java:62)
at java.base/jdk.internal.reflect.DelegatingMethodAccessorImpl.invoke(DelegatingMethodAccessorImpl.java:43)
at java.base/java.lang.reflect.Method.invoke(Method.java:566)
at org.testng.internal.invokers.MethodInvocationHelper.invokeMethod(MethodInvocationHelper.java:139)
at org.testng.internal.invokers.TestInvoker.invokeMethod(TestInvoker.java:677)
at org.testng.internal.invokers.TestInvoker.invokeTestMethod(TestInvoker.java:221)
at org.testng.internal.invokers.MethodRunner.runInSequence(MethodRunner.java:50)
at org.testng.internal.invokers.TestInvoker$MethodInvocationAgent.invoke(TestInvoker.java:969)
at org.testng.internal.invokers.TestInvoker.invokeTestMethods(TestInvoker.java:194)
at org.testng.internal.invokers.TestMethodWorker.invokeTestMethods(TestMethodWorker.java:148)
at org.testng.internal.invokers.TestMethodWorker.run(TestMethodWorker.java:128)
at java.base/java.util.ArrayList.forEach(ArrayList.java:1541)
at org.testng.TestRunner.privateRun(TestRunner.java:829)
at org.testng.TestRunner.run(TestRunner.java:602)
at org.testng.SuiteRunner.runTest(SuiteRunner.java:437)
at org.testng.SuiteRunner.runSequentially(SuiteRunner.java:431)
at org.testng.SuiteRunner.privateRun(SuiteRunner.java:391)
at org.testng.SuiteRunner.run(SuiteRunner.java:330)
at org.testng.SuiteRunnerWorker.runSuite(SuiteRunnerWorker.java:52)
at org.testng.SuiteRunnerWorker.run(SuiteRunnerWorker.java:95)
at org.testng.TestNG.runSuitesSequentially(TestNG.java:1256)
at org.testng.TestNG.runSuitesLocally(TestNG.java:1176)
at org.testng.TestNG.runSuites(TestNG.java:1099)
at org.testng.TestNG.run(TestNG.java:1067)
at com.intellij.rt.testng.IDEARemoteTestNG.run(IDEARemoteTestNG.java:66)
at com.intellij.rt.testng.RemoteTestNGStarter.main(RemoteTestNGStarter.java:109)
Caused by: org.openqa.selenium.NoSuchWindowException: no such window: target window already closed
from unknown error: web view not found
  (Session info: chrome=112.0.5615.50)
Build info: version: '4.8.2', revision: '826dbfc730'
System info: os.name: 'Windows 10', os.arch: 'amd64', os.version: '10.0', java.version: '11.0.13'
Driver info: org.openqa.selenium.chrome.ChromeDriver
Command: [a40cf38e2c68135e720323449c887b21, getElementText {id=e9c3a39e-4611-4b12-85e4-f28b0d518ac8}]
Capabilities {acceptInsecureCerts: false, browserName: chrome, browserVersion: 112.0.5615.50, chrome: {chromedriverVersion: 112.0.5615.49 (bd2a7bcb881c..., userDataDir: C:\Users\ahmed\AppData\Loca...}, goog:chromeOptions: {debuggerAddress: localhost:61561}, networkConnectionEnabled: false, pageLoadStrategy: normal, platformName: WINDOWS, proxy: Proxy(), se:cdp: ws://localhost:61561/devtoo..., se:cdpVersion: 112.0.5615.50, setWindowRect: true, strictFileInteractability: false, timeouts: {implicit: 0, pageLoad: 300000, script: 30000}, unhandledPromptBehavior: dismiss and notify, webauthn:extension:credBlob: true, webauthn:extension:largeBlob: true, webauthn:extension:minPinLength: true, webauthn:extension:prf: true, webauthn:virtualAuthenticators: true}
Element: [[ChromeDriver: chrome on WINDOWS (a40cf38e2c68135e720323449c887b21)] -> xpath: (//h5[contains(@class,'title-text pull-left')])[2]]
Session ID: a40cf38e2c68135e720323449c887b21
at java.base/jdk.internal.reflect.NativeConstructorAccessorImpl.newInstance0(Native Method)
at java.base/jdk.internal.reflect.NativeConstructorAccessorImpl.newInstance(NativeConstructorAccessorImpl.java:62)
at java.base/jdk.internal.reflect.DelegatingConstructorAccessorImpl.newInstance(DelegatingConstructorAccessorImpl.java:45)
at java.base/java.lang.reflect.Constructor.newInstance(Constructor.java:490)
at org.openqa.selenium.remote.codec.w3c.W3CHttpResponseCodec.createException(W3CHttpResponseCodec.java:200)
at org.openqa.selenium.remote.codec.w3c.W3CHttpResponseCodec.decode(W3CHttpResponseCodec.java:133)
at org.openqa.selenium.remote.codec.w3c.W3CHttpResponseCodec.decode(W3CHttpResponseCodec.java:53)
at org.openqa.selenium.remote.HttpCommandExecutor.execute(HttpCommandExecutor.java:193)
at org.openqa.selenium.remote.service.DriverCommandExecutor.invokeExecute(DriverCommandExecutor.java:183)
at org.openqa.selenium.remote.service.DriverCommandExecutor.execute(DriverCommandExecutor.java:158)
at org.openqa.selenium.remote.RemoteWebDriver.execute(RemoteWebDriver.java:543)
at org.openqa.selenium.remote.RemoteWebElement.execute(RemoteWebElement.java:257)
at org.openqa.selenium.remote.RemoteWebElement.getText(RemoteWebElement.java:207)
at org.openqa.selenium.support.ui.ExpectedConditions$12.apply(ExpectedConditions.java:346)
at org.openqa.selenium.support.ui.ExpectedConditions$12.apply(ExpectedConditions.java:342)
at org.openqa.selenium.support.ui.FluentWait.until(FluentWait.java:208)
... 29 more
]]>
            </full-stacktrace>
          </exception> <!-- org.openqa.selenium.TimeoutException -->
          <reporter-output>
          </reporter-output>
        </test-method> <!-- createReturnNote -->
        <test-method is-config="true" signature="closeBrowser()[pri:0, instance:testCases.MakeReturnNoteTest@2b9ed6da]" started-at="2023-04-13T12:58:46 EET" name="closeBrowser" finished-at="2023-04-13T12:58:47 EET" duration-ms="639" status="PASS">
          <reporter-output>
          </reporter-output>
        </test-method> <!-- closeBrowser -->
      </class> <!-- testCases.MakeReturnNoteTest -->
    </test> <!-- C:/Users/ahmed/IdeaProjects/Eirad -->
  </suite> <!-- All Test Suite -->
</testng-results>
